<?xml version="1.0" encoding="UTF-8"?>
<testsuite xmlns:xsi="http://www.w3.org/2001/XMLSchema-instance" xsi:noNamespaceSchemaLocation="https://maven.apache.org/surefire/maven-surefire-plugin/xsd/surefire-test-report.xsd" version="3.0.2" name="com.example.bili.BiliApplicationTests" time="2.742" tests="1" errors="0" skipped="0" failures="0">
  <properties>
    <property name="java.specification.version" value="17"/>
    <property name="sun.cpu.isalist" value="amd64"/>
    <property name="sun.jnu.encoding" value="GBK"/>
    <property name="java.class.path" value="D:\bili\bili\target\test-classes;D:\bili\bili\target\classes;D:\soft\apache-maven-3.9.9\repo\com\baomidou\mybatis-plus-spring-boot3-starter\3.5.12\mybatis-plus-spring-boot3-starter-3.5.12.jar;D:\soft\apache-maven-3.9.9\repo\com\baomidou\mybatis-plus\3.5.12\mybatis-plus-3.5.12.jar;D:\soft\apache-maven-3.9.9\repo\com\baomidou\mybatis-plus-core\3.5.12\mybatis-plus-core-3.5.12.jar;D:\soft\apache-maven-3.9.9\repo\com\baomidou\mybatis-plus-annotation\3.5.12\mybatis-plus-annotation-3.5.12.jar;D:\soft\apache-maven-3.9.9\repo\com\baomidou\mybatis-plus-spring\3.5.12\mybatis-plus-spring-3.5.12.jar;D:\soft\apache-maven-3.9.9\repo\org\mybatis\mybatis\3.5.19\mybatis-3.5.19.jar;D:\soft\apache-maven-3.9.9\repo\org\mybatis\mybatis-spring\3.0.4\mybatis-spring-3.0.4.jar;D:\soft\apache-maven-3.9.9\repo\com\baomidou\mybatis-plus-spring-boot-autoconfigure\3.5.12\mybatis-plus-spring-boot-autoconfigure-3.5.12.jar;D:\soft\apache-maven-3.9.9\repo\org\springframework\boot\spring-boot-autoconfigure\3.5.3\spring-boot-autoconfigure-3.5.3.jar;D:\soft\apache-maven-3.9.9\repo\org\springframework\boot\spring-boot\3.5.3\spring-boot-3.5.3.jar;D:\soft\apache-maven-3.9.9\repo\org\springframework\boot\spring-boot-starter-jdbc\3.5.3\spring-boot-starter-jdbc-3.5.3.jar;D:\soft\apache-maven-3.9.9\repo\com\zaxxer\HikariCP\6.3.0\HikariCP-6.3.0.jar;D:\soft\apache-maven-3.9.9\repo\org\springframework\spring-jdbc\6.2.8\spring-jdbc-6.2.8.jar;D:\soft\apache-maven-3.9.9\repo\org\springframework\spring-tx\6.2.8\spring-tx-6.2.8.jar;D:\soft\apache-maven-3.9.9\repo\com\baomidou\mybatis-plus-jsqlparser\3.5.12\mybatis-plus-jsqlparser-3.5.12.jar;D:\soft\apache-maven-3.9.9\repo\com\github\jsqlparser\jsqlparser\5.1\jsqlparser-5.1.jar;D:\soft\apache-maven-3.9.9\repo\com\baomidou\mybatis-plus-jsqlparser-common\3.5.12\mybatis-plus-jsqlparser-common-3.5.12.jar;D:\soft\apache-maven-3.9.9\repo\com\baomidou\mybatis-plus-extension\3.5.12\mybatis-plus-extension-3.5.12.jar;D:\soft\apache-maven-3.9.9\repo\com\baomidou\mybatis-plus-boot-starter\3.5.12\mybatis-plus-boot-starter-3.5.12.jar;D:\soft\apache-maven-3.9.9\repo\com\baomidou\mybatis-plus-generator\3.5.12\mybatis-plus-generator-3.5.12.jar;D:\soft\apache-maven-3.9.9\repo\org\springframework\boot\spring-boot-starter-freemarker\3.5.3\spring-boot-starter-freemarker-3.5.3.jar;D:\soft\apache-maven-3.9.9\repo\org\springframework\boot\spring-boot-starter\3.5.3\spring-boot-starter-3.5.3.jar;D:\soft\apache-maven-3.9.9\repo\org\springframework\boot\spring-boot-starter-logging\3.5.3\spring-boot-starter-logging-3.5.3.jar;D:\soft\apache-maven-3.9.9\repo\ch\qos\logback\logback-classic\1.5.18\logback-classic-1.5.18.jar;D:\soft\apache-maven-3.9.9\repo\ch\qos\logback\logback-core\1.5.18\logback-core-1.5.18.jar;D:\soft\apache-maven-3.9.9\repo\org\apache\logging\log4j\log4j-to-slf4j\2.24.3\log4j-to-slf4j-2.24.3.jar;D:\soft\apache-maven-3.9.9\repo\org\apache\logging\log4j\log4j-api\2.24.3\log4j-api-2.24.3.jar;D:\soft\apache-maven-3.9.9\repo\org\slf4j\jul-to-slf4j\2.0.17\jul-to-slf4j-2.0.17.jar;D:\soft\apache-maven-3.9.9\repo\jakarta\annotation\jakarta.annotation-api\2.1.1\jakarta.annotation-api-2.1.1.jar;D:\soft\apache-maven-3.9.9\repo\org\yaml\snakeyaml\2.4\snakeyaml-2.4.jar;D:\soft\apache-maven-3.9.9\repo\org\freemarker\freemarker\2.3.34\freemarker-2.3.34.jar;D:\soft\apache-maven-3.9.9\repo\org\springframework\spring-context-support\6.2.8\spring-context-support-6.2.8.jar;D:\soft\apache-maven-3.9.9\repo\org\springframework\spring-beans\6.2.8\spring-beans-6.2.8.jar;D:\soft\apache-maven-3.9.9\repo\org\springframework\spring-context\6.2.8\spring-context-6.2.8.jar;D:\soft\apache-maven-3.9.9\repo\com\baomidou\mybatis-plus-jsqlparser-4.9\3.5.12\mybatis-plus-jsqlparser-4.9-3.5.12.jar;D:\soft\apache-maven-3.9.9\repo\org\springframework\boot\spring-boot-starter-web\3.5.3\spring-boot-starter-web-3.5.3.jar;D:\soft\apache-maven-3.9.9\repo\org\springframework\boot\spring-boot-starter-json\3.5.3\spring-boot-starter-json-3.5.3.jar;D:\soft\apache-maven-3.9.9\repo\com\fasterxml\jackson\core\jackson-databind\2.19.1\jackson-databind-2.19.1.jar;D:\soft\apache-maven-3.9.9\repo\com\fasterxml\jackson\core\jackson-annotations\2.19.1\jackson-annotations-2.19.1.jar;D:\soft\apache-maven-3.9.9\repo\com\fasterxml\jackson\core\jackson-core\2.19.1\jackson-core-2.19.1.jar;D:\soft\apache-maven-3.9.9\repo\com\fasterxml\jackson\datatype\jackson-datatype-jdk8\2.19.1\jackson-datatype-jdk8-2.19.1.jar;D:\soft\apache-maven-3.9.9\repo\com\fasterxml\jackson\datatype\jackson-datatype-jsr310\2.19.1\jackson-datatype-jsr310-2.19.1.jar;D:\soft\apache-maven-3.9.9\repo\com\fasterxml\jackson\module\jackson-module-parameter-names\2.19.1\jackson-module-parameter-names-2.19.1.jar;D:\soft\apache-maven-3.9.9\repo\org\springframework\boot\spring-boot-starter-tomcat\3.5.3\spring-boot-starter-tomcat-3.5.3.jar;D:\soft\apache-maven-3.9.9\repo\org\apache\tomcat\embed\tomcat-embed-core\10.1.42\tomcat-embed-core-10.1.42.jar;D:\soft\apache-maven-3.9.9\repo\org\apache\tomcat\embed\tomcat-embed-el\10.1.42\tomcat-embed-el-10.1.42.jar;D:\soft\apache-maven-3.9.9\repo\org\apache\tomcat\embed\tomcat-embed-websocket\10.1.42\tomcat-embed-websocket-10.1.42.jar;D:\soft\apache-maven-3.9.9\repo\org\springframework\spring-web\6.2.8\spring-web-6.2.8.jar;D:\soft\apache-maven-3.9.9\repo\io\micrometer\micrometer-observation\1.15.1\micrometer-observation-1.15.1.jar;D:\soft\apache-maven-3.9.9\repo\io\micrometer\micrometer-commons\1.15.1\micrometer-commons-1.15.1.jar;D:\soft\apache-maven-3.9.9\repo\org\springframework\spring-webmvc\6.2.8\spring-webmvc-6.2.8.jar;D:\soft\apache-maven-3.9.9\repo\org\springframework\spring-aop\6.2.8\spring-aop-6.2.8.jar;D:\soft\apache-maven-3.9.9\repo\org\springframework\spring-expression\6.2.8\spring-expression-6.2.8.jar;D:\soft\apache-maven-3.9.9\repo\com\mysql\mysql-connector-j\9.2.0\mysql-connector-j-9.2.0.jar;D:\soft\apache-maven-3.9.9\repo\org\springframework\boot\spring-boot-starter-test\3.5.3\spring-boot-starter-test-3.5.3.jar;D:\soft\apache-maven-3.9.9\repo\org\springframework\boot\spring-boot-test\3.5.3\spring-boot-test-3.5.3.jar;D:\soft\apache-maven-3.9.9\repo\org\springframework\boot\spring-boot-test-autoconfigure\3.5.3\spring-boot-test-autoconfigure-3.5.3.jar;D:\soft\apache-maven-3.9.9\repo\com\jayway\jsonpath\json-path\2.9.0\json-path-2.9.0.jar;D:\soft\apache-maven-3.9.9\repo\org\slf4j\slf4j-api\2.0.17\slf4j-api-2.0.17.jar;D:\soft\apache-maven-3.9.9\repo\jakarta\xml\bind\jakarta.xml.bind-api\4.0.2\jakarta.xml.bind-api-4.0.2.jar;D:\soft\apache-maven-3.9.9\repo\jakarta\activation\jakarta.activation-api\2.1.3\jakarta.activation-api-2.1.3.jar;D:\soft\apache-maven-3.9.9\repo\net\minidev\json-smart\2.5.2\json-smart-2.5.2.jar;D:\soft\apache-maven-3.9.9\repo\net\minidev\accessors-smart\2.5.2\accessors-smart-2.5.2.jar;D:\soft\apache-maven-3.9.9\repo\org\ow2\asm\asm\9.7.1\asm-9.7.1.jar;D:\soft\apache-maven-3.9.9\repo\org\assertj\assertj-core\3.27.3\assertj-core-3.27.3.jar;D:\soft\apache-maven-3.9.9\repo\net\bytebuddy\byte-buddy\1.17.6\byte-buddy-1.17.6.jar;D:\soft\apache-maven-3.9.9\repo\org\awaitility\awaitility\4.2.2\awaitility-4.2.2.jar;D:\soft\apache-maven-3.9.9\repo\org\hamcrest\hamcrest\3.0\hamcrest-3.0.jar;D:\soft\apache-maven-3.9.9\repo\org\junit\jupiter\junit-jupiter\5.12.2\junit-jupiter-5.12.2.jar;D:\soft\apache-maven-3.9.9\repo\org\junit\jupiter\junit-jupiter-api\5.12.2\junit-jupiter-api-5.12.2.jar;D:\soft\apache-maven-3.9.9\repo\org\opentest4j\opentest4j\1.3.0\opentest4j-1.3.0.jar;D:\soft\apache-maven-3.9.9\repo\org\junit\platform\junit-platform-commons\1.12.2\junit-platform-commons-1.12.2.jar;D:\soft\apache-maven-3.9.9\repo\org\apiguardian\apiguardian-api\1.1.2\apiguardian-api-1.1.2.jar;D:\soft\apache-maven-3.9.9\repo\org\junit\jupiter\junit-jupiter-params\5.12.2\junit-jupiter-params-5.12.2.jar;D:\soft\apache-maven-3.9.9\repo\org\junit\jupiter\junit-jupiter-engine\5.12.2\junit-jupiter-engine-5.12.2.jar;D:\soft\apache-maven-3.9.9\repo\org\junit\platform\junit-platform-engine\1.12.2\junit-platform-engine-1.12.2.jar;D:\soft\apache-maven-3.9.9\repo\org\mockito\mockito-core\5.17.0\mockito-core-5.17.0.jar;D:\soft\apache-maven-3.9.9\repo\net\bytebuddy\byte-buddy-agent\1.17.6\byte-buddy-agent-1.17.6.jar;D:\soft\apache-maven-3.9.9\repo\org\objenesis\objenesis\3.3\objenesis-3.3.jar;D:\soft\apache-maven-3.9.9\repo\org\mockito\mockito-junit-jupiter\5.17.0\mockito-junit-jupiter-5.17.0.jar;D:\soft\apache-maven-3.9.9\repo\org\skyscreamer\jsonassert\1.5.3\jsonassert-1.5.3.jar;D:\soft\apache-maven-3.9.9\repo\com\vaadin\external\google\android-json\0.0.20131108.vaadin1\android-json-0.0.20131108.vaadin1.jar;D:\soft\apache-maven-3.9.9\repo\org\springframework\spring-core\6.2.8\spring-core-6.2.8.jar;D:\soft\apache-maven-3.9.9\repo\org\springframework\spring-jcl\6.2.8\spring-jcl-6.2.8.jar;D:\soft\apache-maven-3.9.9\repo\org\springframework\spring-test\6.2.8\spring-test-6.2.8.jar;D:\soft\apache-maven-3.9.9\repo\org\xmlunit\xmlunit-core\2.10.2\xmlunit-core-2.10.2.jar;D:\soft\apache-maven-3.9.9\repo\org\projectlombok\lombok\1.18.38\lombok-1.18.38.jar;"/>
    <property name="java.vm.vendor" value="Oracle Corporation"/>
    <property name="sun.arch.data.model" value="64"/>
    <property name="user.variant" value=""/>
    <property name="java.vendor.url" value="https://java.oracle.com/"/>
    <property name="user.timezone" value="Asia/Shanghai"/>
    <property name="os.name" value="Windows 11"/>
    <property name="java.vm.specification.version" value="17"/>
    <property name="APPLICATION_NAME" value="bili"/>
    <property name="sun.java.launcher" value="SUN_STANDARD"/>
    <property name="user.country" value="CN"/>
    <property name="sun.boot.library.path" value="C:\Program Files\Java\jdk-17\bin"/>
    <property name="sun.java.command" value="C:\Users\Administrator\AppData\Local\Temp\surefire3212514026222386639\surefirebooter-20250706002107815_3.jar C:\Users\Administrator\AppData\Local\Temp\surefire3212514026222386639 2025-07-06T00-21-07_675-jvmRun1 surefire-20250706002107815_1tmp surefire_0-20250706002107815_2tmp"/>
    <property name="jdk.debug" value="release"/>
    <property name="surefire.test.class.path" value="D:\bili\bili\target\test-classes;D:\bili\bili\target\classes;D:\soft\apache-maven-3.9.9\repo\com\baomidou\mybatis-plus-spring-boot3-starter\3.5.12\mybatis-plus-spring-boot3-starter-3.5.12.jar;D:\soft\apache-maven-3.9.9\repo\com\baomidou\mybatis-plus\3.5.12\mybatis-plus-3.5.12.jar;D:\soft\apache-maven-3.9.9\repo\com\baomidou\mybatis-plus-core\3.5.12\mybatis-plus-core-3.5.12.jar;D:\soft\apache-maven-3.9.9\repo\com\baomidou\mybatis-plus-annotation\3.5.12\mybatis-plus-annotation-3.5.12.jar;D:\soft\apache-maven-3.9.9\repo\com\baomidou\mybatis-plus-spring\3.5.12\mybatis-plus-spring-3.5.12.jar;D:\soft\apache-maven-3.9.9\repo\org\mybatis\mybatis\3.5.19\mybatis-3.5.19.jar;D:\soft\apache-maven-3.9.9\repo\org\mybatis\mybatis-spring\3.0.4\mybatis-spring-3.0.4.jar;D:\soft\apache-maven-3.9.9\repo\com\baomidou\mybatis-plus-spring-boot-autoconfigure\3.5.12\mybatis-plus-spring-boot-autoconfigure-3.5.12.jar;D:\soft\apache-maven-3.9.9\repo\org\springframework\boot\spring-boot-autoconfigure\3.5.3\spring-boot-autoconfigure-3.5.3.jar;D:\soft\apache-maven-3.9.9\repo\org\springframework\boot\spring-boot\3.5.3\spring-boot-3.5.3.jar;D:\soft\apache-maven-3.9.9\repo\org\springframework\boot\spring-boot-starter-jdbc\3.5.3\spring-boot-starter-jdbc-3.5.3.jar;D:\soft\apache-maven-3.9.9\repo\com\zaxxer\HikariCP\6.3.0\HikariCP-6.3.0.jar;D:\soft\apache-maven-3.9.9\repo\org\springframework\spring-jdbc\6.2.8\spring-jdbc-6.2.8.jar;D:\soft\apache-maven-3.9.9\repo\org\springframework\spring-tx\6.2.8\spring-tx-6.2.8.jar;D:\soft\apache-maven-3.9.9\repo\com\baomidou\mybatis-plus-jsqlparser\3.5.12\mybatis-plus-jsqlparser-3.5.12.jar;D:\soft\apache-maven-3.9.9\repo\com\github\jsqlparser\jsqlparser\5.1\jsqlparser-5.1.jar;D:\soft\apache-maven-3.9.9\repo\com\baomidou\mybatis-plus-jsqlparser-common\3.5.12\mybatis-plus-jsqlparser-common-3.5.12.jar;D:\soft\apache-maven-3.9.9\repo\com\baomidou\mybatis-plus-extension\3.5.12\mybatis-plus-extension-3.5.12.jar;D:\soft\apache-maven-3.9.9\repo\com\baomidou\mybatis-plus-boot-starter\3.5.12\mybatis-plus-boot-starter-3.5.12.jar;D:\soft\apache-maven-3.9.9\repo\com\baomidou\mybatis-plus-generator\3.5.12\mybatis-plus-generator-3.5.12.jar;D:\soft\apache-maven-3.9.9\repo\org\springframework\boot\spring-boot-starter-freemarker\3.5.3\spring-boot-starter-freemarker-3.5.3.jar;D:\soft\apache-maven-3.9.9\repo\org\springframework\boot\spring-boot-starter\3.5.3\spring-boot-starter-3.5.3.jar;D:\soft\apache-maven-3.9.9\repo\org\springframework\boot\spring-boot-starter-logging\3.5.3\spring-boot-starter-logging-3.5.3.jar;D:\soft\apache-maven-3.9.9\repo\ch\qos\logback\logback-classic\1.5.18\logback-classic-1.5.18.jar;D:\soft\apache-maven-3.9.9\repo\ch\qos\logback\logback-core\1.5.18\logback-core-1.5.18.jar;D:\soft\apache-maven-3.9.9\repo\org\apache\logging\log4j\log4j-to-slf4j\2.24.3\log4j-to-slf4j-2.24.3.jar;D:\soft\apache-maven-3.9.9\repo\org\apache\logging\log4j\log4j-api\2.24.3\log4j-api-2.24.3.jar;D:\soft\apache-maven-3.9.9\repo\org\slf4j\jul-to-slf4j\2.0.17\jul-to-slf4j-2.0.17.jar;D:\soft\apache-maven-3.9.9\repo\jakarta\annotation\jakarta.annotation-api\2.1.1\jakarta.annotation-api-2.1.1.jar;D:\soft\apache-maven-3.9.9\repo\org\yaml\snakeyaml\2.4\snakeyaml-2.4.jar;D:\soft\apache-maven-3.9.9\repo\org\freemarker\freemarker\2.3.34\freemarker-2.3.34.jar;D:\soft\apache-maven-3.9.9\repo\org\springframework\spring-context-support\6.2.8\spring-context-support-6.2.8.jar;D:\soft\apache-maven-3.9.9\repo\org\springframework\spring-beans\6.2.8\spring-beans-6.2.8.jar;D:\soft\apache-maven-3.9.9\repo\org\springframework\spring-context\6.2.8\spring-context-6.2.8.jar;D:\soft\apache-maven-3.9.9\repo\com\baomidou\mybatis-plus-jsqlparser-4.9\3.5.12\mybatis-plus-jsqlparser-4.9-3.5.12.jar;D:\soft\apache-maven-3.9.9\repo\org\springframework\boot\spring-boot-starter-web\3.5.3\spring-boot-starter-web-3.5.3.jar;D:\soft\apache-maven-3.9.9\repo\org\springframework\boot\spring-boot-starter-json\3.5.3\spring-boot-starter-json-3.5.3.jar;D:\soft\apache-maven-3.9.9\repo\com\fasterxml\jackson\core\jackson-databind\2.19.1\jackson-databind-2.19.1.jar;D:\soft\apache-maven-3.9.9\repo\com\fasterxml\jackson\core\jackson-annotations\2.19.1\jackson-annotations-2.19.1.jar;D:\soft\apache-maven-3.9.9\repo\com\fasterxml\jackson\core\jackson-core\2.19.1\jackson-core-2.19.1.jar;D:\soft\apache-maven-3.9.9\repo\com\fasterxml\jackson\datatype\jackson-datatype-jdk8\2.19.1\jackson-datatype-jdk8-2.19.1.jar;D:\soft\apache-maven-3.9.9\repo\com\fasterxml\jackson\datatype\jackson-datatype-jsr310\2.19.1\jackson-datatype-jsr310-2.19.1.jar;D:\soft\apache-maven-3.9.9\repo\com\fasterxml\jackson\module\jackson-module-parameter-names\2.19.1\jackson-module-parameter-names-2.19.1.jar;D:\soft\apache-maven-3.9.9\repo\org\springframework\boot\spring-boot-starter-tomcat\3.5.3\spring-boot-starter-tomcat-3.5.3.jar;D:\soft\apache-maven-3.9.9\repo\org\apache\tomcat\embed\tomcat-embed-core\10.1.42\tomcat-embed-core-10.1.42.jar;D:\soft\apache-maven-3.9.9\repo\org\apache\tomcat\embed\tomcat-embed-el\10.1.42\tomcat-embed-el-10.1.42.jar;D:\soft\apache-maven-3.9.9\repo\org\apache\tomcat\embed\tomcat-embed-websocket\10.1.42\tomcat-embed-websocket-10.1.42.jar;D:\soft\apache-maven-3.9.9\repo\org\springframework\spring-web\6.2.8\spring-web-6.2.8.jar;D:\soft\apache-maven-3.9.9\repo\io\micrometer\micrometer-observation\1.15.1\micrometer-observation-1.15.1.jar;D:\soft\apache-maven-3.9.9\repo\io\micrometer\micrometer-commons\1.15.1\micrometer-commons-1.15.1.jar;D:\soft\apache-maven-3.9.9\repo\org\springframework\spring-webmvc\6.2.8\spring-webmvc-6.2.8.jar;D:\soft\apache-maven-3.9.9\repo\org\springframework\spring-aop\6.2.8\spring-aop-6.2.8.jar;D:\soft\apache-maven-3.9.9\repo\org\springframework\spring-expression\6.2.8\spring-expression-6.2.8.jar;D:\soft\apache-maven-3.9.9\repo\com\mysql\mysql-connector-j\9.2.0\mysql-connector-j-9.2.0.jar;D:\soft\apache-maven-3.9.9\repo\org\springframework\boot\spring-boot-starter-test\3.5.3\spring-boot-starter-test-3.5.3.jar;D:\soft\apache-maven-3.9.9\repo\org\springframework\boot\spring-boot-test\3.5.3\spring-boot-test-3.5.3.jar;D:\soft\apache-maven-3.9.9\repo\org\springframework\boot\spring-boot-test-autoconfigure\3.5.3\spring-boot-test-autoconfigure-3.5.3.jar;D:\soft\apache-maven-3.9.9\repo\com\jayway\jsonpath\json-path\2.9.0\json-path-2.9.0.jar;D:\soft\apache-maven-3.9.9\repo\org\slf4j\slf4j-api\2.0.17\slf4j-api-2.0.17.jar;D:\soft\apache-maven-3.9.9\repo\jakarta\xml\bind\jakarta.xml.bind-api\4.0.2\jakarta.xml.bind-api-4.0.2.jar;D:\soft\apache-maven-3.9.9\repo\jakarta\activation\jakarta.activation-api\2.1.3\jakarta.activation-api-2.1.3.jar;D:\soft\apache-maven-3.9.9\repo\net\minidev\json-smart\2.5.2\json-smart-2.5.2.jar;D:\soft\apache-maven-3.9.9\repo\net\minidev\accessors-smart\2.5.2\accessors-smart-2.5.2.jar;D:\soft\apache-maven-3.9.9\repo\org\ow2\asm\asm\9.7.1\asm-9.7.1.jar;D:\soft\apache-maven-3.9.9\repo\org\assertj\assertj-core\3.27.3\assertj-core-3.27.3.jar;D:\soft\apache-maven-3.9.9\repo\net\bytebuddy\byte-buddy\1.17.6\byte-buddy-1.17.6.jar;D:\soft\apache-maven-3.9.9\repo\org\awaitility\awaitility\4.2.2\awaitility-4.2.2.jar;D:\soft\apache-maven-3.9.9\repo\org\hamcrest\hamcrest\3.0\hamcrest-3.0.jar;D:\soft\apache-maven-3.9.9\repo\org\junit\jupiter\junit-jupiter\5.12.2\junit-jupiter-5.12.2.jar;D:\soft\apache-maven-3.9.9\repo\org\junit\jupiter\junit-jupiter-api\5.12.2\junit-jupiter-api-5.12.2.jar;D:\soft\apache-maven-3.9.9\repo\org\opentest4j\opentest4j\1.3.0\opentest4j-1.3.0.jar;D:\soft\apache-maven-3.9.9\repo\org\junit\platform\junit-platform-commons\1.12.2\junit-platform-commons-1.12.2.jar;D:\soft\apache-maven-3.9.9\repo\org\apiguardian\apiguardian-api\1.1.2\apiguardian-api-1.1.2.jar;D:\soft\apache-maven-3.9.9\repo\org\junit\jupiter\junit-jupiter-params\5.12.2\junit-jupiter-params-5.12.2.jar;D:\soft\apache-maven-3.9.9\repo\org\junit\jupiter\junit-jupiter-engine\5.12.2\junit-jupiter-engine-5.12.2.jar;D:\soft\apache-maven-3.9.9\repo\org\junit\platform\junit-platform-engine\1.12.2\junit-platform-engine-1.12.2.jar;D:\soft\apache-maven-3.9.9\repo\org\mockito\mockito-core\5.17.0\mockito-core-5.17.0.jar;D:\soft\apache-maven-3.9.9\repo\net\bytebuddy\byte-buddy-agent\1.17.6\byte-buddy-agent-1.17.6.jar;D:\soft\apache-maven-3.9.9\repo\org\objenesis\objenesis\3.3\objenesis-3.3.jar;D:\soft\apache-maven-3.9.9\repo\org\mockito\mockito-junit-jupiter\5.17.0\mockito-junit-jupiter-5.17.0.jar;D:\soft\apache-maven-3.9.9\repo\org\skyscreamer\jsonassert\1.5.3\jsonassert-1.5.3.jar;D:\soft\apache-maven-3.9.9\repo\com\vaadin\external\google\android-json\0.0.20131108.vaadin1\android-json-0.0.20131108.vaadin1.jar;D:\soft\apache-maven-3.9.9\repo\org\springframework\spring-core\6.2.8\spring-core-6.2.8.jar;D:\soft\apache-maven-3.9.9\repo\org\springframework\spring-jcl\6.2.8\spring-jcl-6.2.8.jar;D:\soft\apache-maven-3.9.9\repo\org\springframework\spring-test\6.2.8\spring-test-6.2.8.jar;D:\soft\apache-maven-3.9.9\repo\org\xmlunit\xmlunit-core\2.10.2\xmlunit-core-2.10.2.jar;D:\soft\apache-maven-3.9.9\repo\org\projectlombok\lombok\1.18.38\lombok-1.18.38.jar;"/>
    <property name="sun.cpu.endian" value="little"/>
    <property name="user.home" value="C:\Users\Administrator"/>
    <property name="user.language" value="zh"/>
    <property name="java.specification.vendor" value="Oracle Corporation"/>
    <property name="java.version.date" value="2024-07-16"/>
    <property name="java.home" value="C:\Program Files\Java\jdk-17"/>
    <property name="file.separator" value="\"/>
    <property name="basedir" value="D:\bili\bili"/>
    <property name="java.vm.compressedOopsMode" value="Zero based"/>
    <property name="line.separator" value="&#10;"/>
    <property name="java.vm.specification.vendor" value="Oracle Corporation"/>
    <property name="java.specification.name" value="Java Platform API Specification"/>
    <property name="FILE_LOG_CHARSET" value="GBK"/>
    <property name="java.awt.headless" value="true"/>
    <property name="surefire.real.class.path" value="C:\Users\Administrator\AppData\Local\Temp\surefire3212514026222386639\surefirebooter-20250706002107815_3.jar"/>
    <property name="user.script" value=""/>
    <property name="sun.management.compiler" value="HotSpot 64-Bit Tiered Compilers"/>
    <property name="java.runtime.version" value="17.0.12+8-LTS-286"/>
    <property name="user.name" value="Administrator"/>
    <property name="path.separator" value=";"/>
    <property name="os.version" value="10.0"/>
    <property name="java.runtime.name" value="Java(TM) SE Runtime Environment"/>
    <property name="file.encoding" value="GBK"/>
    <property name="java.vm.name" value="Java HotSpot(TM) 64-Bit Server VM"/>
    <property name="localRepository" value="D:\soft\apache-maven-3.9.9\repo"/>
    <property name="java.vendor.url.bug" value="https://bugreport.java.com/bugreport/"/>
    <property name="java.io.tmpdir" value="C:\Users\ADMINI~1\AppData\Local\Temp\"/>
    <property name="java.version" value="17.0.12"/>
    <property name="user.dir" value="D:\bili\bili"/>
    <property name="os.arch" value="amd64"/>
    <property name="java.vm.specification.name" value="Java Virtual Machine Specification"/>
    <property name="PID" value="20432"/>
    <property name="sun.os.patch.level" value=""/>
    <property name="CONSOLE_LOG_CHARSET" value="GBK"/>
    <property name="native.encoding" value="GBK"/>
    <property name="java.library.path" value="C:\Program Files\Java\jdk-17\bin;C:\WINDOWS\Sun\Java\bin;C:\WINDOWS\system32;C:\WINDOWS;C:\Program Files (x86)\Common Files\Intel\Shared Libraries\redist\intel64_win\compiler;C:\Program Files (x86)\Razer Chroma SDK\bin;C:\Program Files\Razer Chroma SDK\bin;C:\Program Files (x86)\Razer\ChromaBroadcast\bin;C:\Program Files\Razer\ChromaBroadcast\bin;C:\windows\system32;C:\windows;C:\windows\System32\Wbem;C:\windows\System32\WindowsPowerShell\v1.0\;C:\windows\System32\OpenSSH\;C:\Program Files (x86)\NVIDIA Corporation\PhysX\Common;C:\windows\system32\config\systemprofile\AppData\Local\Microsoft\WindowsApps;C:\Program Files\dotnet\;C:\WINDOWS\system32;C:\WINDOWS;C:\WINDOWS\System32\Wbem;C:\WINDOWS\System32\WindowsPowerShell\v1.0\;C:\WINDOWS\System32\OpenSSH\;C:\WINDOWS\system32\config\systemprofile\AppData\Local\Microsoft\WindowsApps;G:\pcsuite\;C:\Program Files (x86)\Microsoft SQL Server\100\Tools\Binn\;C:\Program Files\Microsoft SQL Server\100\Tools\Binn\;C:\Program Files\Microsoft SQL Server\100\DTS\Binn\;C:\Program Files (x86)\Microsoft SQL Server\100\Tools\Binn\VSShell\Common7\IDE\;C:\Program Files (x86)\Microsoft Visual Studio 9.0\Common7\IDE\PrivateAssemblies\;C:\Program Files (x86)\Microsoft SQL Server\100\DTS\Binn\;C:\Program Files (x86)\EasyShare\x86\;C:\Program Files (x86)\EasyShare\x64\;D:\android\platform-tools;C:\Program Files\NVIDIA Corporation\NVIDIA app\NvDLISR;D:\soft\apache-maven-3.9.9\bin;C:\Program Files\Common Files\Oracle\Java\javapath;%MYSQL_HOME%\bin;D:\MySQL\MySQL Server 8.0\bin;C:\Program Files\Java\jdk-17\bin;C:\Program Files\Java\jdk-17\bin;E:\vivo office\pcsuite\;C:\Program Files\nodejs\;D:\Git\cmd;D:\Git\bin;D:\MySQL\MySQL Shell 8.0\bin\;C:\Users\Administrator\AppData\Local\Programs\Python\Python311\Scripts\;C:\Users\Administrator\AppData\Local\Programs\Python\Python311\;C:\Users\Administrator\AppData\Local\Microsoft\WindowsApps;C:\Program Files\Bandizip\;C:\Users\Administrator\.dotnet\tools;D:\java\bin;D:\WebStorm 2022.2.3\bin;;C:\Program Files\Azure Data Studio\bin;D:\android\platform-tools;D:\Microsoft VS Code\bin;C:\Users\Administrator\AppData\Roaming\npm;D:\bili\node_modules\.bin;."/>
    <property name="java.vm.info" value="mixed mode, sharing"/>
    <property name="java.vendor" value="Oracle Corporation"/>
    <property name="java.vm.version" value="17.0.12+8-LTS-286"/>
    <property name="sun.io.unicode.encoding" value="UnicodeLittle"/>
    <property name="java.class.version" value="61.0"/>
    <property name="LOGGED_APPLICATION_NAME" value="[bili] "/>
  </properties>
  <testcase name="contextLoads" classname="com.example.bili.BiliApplicationTests" time="0.647">
    <system-out><![CDATA[00:21:08.500 [main] INFO org.springframework.test.context.support.AnnotationConfigContextLoaderUtils -- Could not detect default configuration classes for test class [com.example.bili.BiliApplicationTests]: BiliApplicationTests does not declare any static, non-private, non-final, nested classes annotated with @Configuration.
00:21:08.589 [main] INFO org.springframework.boot.test.context.SpringBootTestContextBootstrapper -- Found @SpringBootConfiguration com.example.bili.BiliApplication for test class com.example.bili.BiliApplicationTests

  .   ____          _            __ _ _
 /\\ / ___'_ __ _ _(_)_ __  __ _ \ \ \ \
( ( )\___ | '_ | '_| | '_ \/ _` | \ \ \ \
 \\/  ___)| |_)| | | | | || (_| |  ) ) ) )
  '  |____| .__|_| |_|_| |_\__, | / / / /
 =========|_|==============|___/=/_/_/_/

 :: Spring Boot ::                (v3.5.3)

2025-07-06T00:21:08.953+08:00  INFO 20432 --- [bili] [           main] com.example.bili.BiliApplicationTests    : Starting BiliApplicationTests using Java 17.0.12 with PID 20432 (started by Administrator in D:\bili\bili)
2025-07-06T00:21:08.955+08:00  INFO 20432 --- [bili] [           main] com.example.bili.BiliApplicationTests    : No active profile set, falling back to 1 default profile: "default"
 _ _   |_  _ _|_. ___ _ |    _ 
| | |\/|_)(_| | |_\  |_)||_|_\ 
     /               |         
                        3.5.12 
2025-07-06T00:21:10.338+08:00  INFO 20432 --- [bili] [           main] m.e.s.MybatisPlusApplicationContextAware : Register ApplicationContext instances org.springframework.web.context.support.GenericWebApplicationContext@669d2b1b
2025-07-06T00:21:10.469+08:00  INFO 20432 --- [bili] [           main] com.example.bili.BiliApplicationTests    : Started BiliApplicationTests in 1.742 seconds (process running for 2.491)
]]></system-out>
  </testcase>
</testsuite>